Arguments: 
  /usr/local/Cellar/node@8/8.12.0/bin/node /usr/local/Cellar/yarn/1.10.1/libexec/bin/yarn.js add --dev material-design-color: ^2.3.2

PATH: 
  /Users/lucasperkins/.rvm/gems/ruby-2.4.1/bin:/Users/lucasperkins/.rvm/gems/ruby-2.4.1@global/bin:/Users/lucasperkins/.rvm/rubies/ruby-2.4.1/bin:/Users/lucasperkins/Downloads/google-cloud-sdk/bin:/Users/lucasperkins/go/bin:/Users/lucasperkins/go/src/github.com/deislabs/duffle/bin:/Applications/Visual Studio Code.app/Contents/Resources/app/bin:/usr/local/bin:/Users/lucasperkins/.cargo/bin:/usr/local/bin:/usr/bin:/bin:/usr/sbin:/sbin:/Applications/Postgres.app/Contents/Versions/latest/bin:/Users/lucasperkins/Downloads/google-cloud-sdk/bin:/Users/lucasperkins/go/bin:/Applications/Visual Studio Code.app/Contents/Resources/app/bin:/Users/lucasperkins/.rvm/bin

Yarn version: 
  1.10.1

Node version: 
  8.12.0

Platform: 
  darwin x64

Trace: 
  Error: material-design-color:: Invalid URI "material-design-color:/"
      at Request.module.exports.Request.init (/usr/local/Cellar/yarn/1.10.1/libexec/lib/cli.js:120254:31)
      at new Request (/usr/local/Cellar/yarn/1.10.1/libexec/lib/cli.js:120108:8)
      at request (/usr/local/Cellar/yarn/1.10.1/libexec/lib/cli.js:117014:10)
      at RequestManager.execute (/usr/local/Cellar/yarn/1.10.1/libexec/lib/cli.js:61125:15)
      at RequestManager.shiftQueue (/usr/local/Cellar/yarn/1.10.1/libexec/lib/cli.js:61152:10)
      at /usr/local/Cellar/yarn/1.10.1/libexec/lib/cli.js:60903:13
      at new Promise (<anonymous>)
      at new F (/usr/local/Cellar/yarn/1.10.1/libexec/lib/cli.js:4669:28)
      at RequestManager.request (/usr/local/Cellar/yarn/1.10.1/libexec/lib/cli.js:60901:19)
      at NpmRegistry.request (/usr/local/Cellar/yarn/1.10.1/libexec/lib/cli.js:27900:32)

npm manifest: 
  {
    "devDependencies": {
      "modularscale-sass": "^3.0.3"
    }
  }

yarn manifest: 
  No manifest

Lockfile: 
  # THIS IS AN AUTOGENERATED FILE. DO NOT EDIT THIS FILE DIRECTLY.
  # yarn lockfile v1
  
  
  modularscale-sass@^3.0.3:
    version "3.0.8"
    resolved "https://registry.yarnpkg.com/modularscale-sass/-/modularscale-sass-3.0.8.tgz#57c92ee0750f6807e37359699ef2ce63a4997db6"
    integrity sha512-NOO6NLXPiVG8T/ZkXImxSj1YtvzF37suAGxc9ty0pmQrU998fmJqR6kNqs+HmFqOjeCRJ3roBfA9Arohta2sBQ==
